2024-09-28 09:54:40.120748 - rocketbot - INFO - request: Encriptador : line 1 - rpascripts : module  id: a928d982-704c-55fc-08f5-6120f11584e5 -  - {"module_name":"Encriptador","module":"desencriptarArchivo","content":"C:/SourcingPlan/Recursos/sourcingplank.key","fileEnc":"C:/SourcingPlan/config.ini","file":"C:/SourcingPlan","res":"inidecript","filename":"config"}
2024-09-28 10:16:05.548268 - rocketbot - INFO - request: Encriptador : line 2 - rpascripts : module  id: 9e1dd10d-3917-c904-b2fd-cb9d7d7d0e62 -  - {"module_name":"Encriptador","module":"encriptarArchivo","content":"C:/SourcingPlan/Recursos/sourcingplank.key","file":"C:/SourcingPlan/config.ini","res":"inicript"}
2024-09-28 10:22:45.222276 - rocketbot - INFO - request: P-SourcingPlan : line 2 - rpascripts : module  id: 57fcc22c-a6ea-ee6a-c04b-182e13ed9f2d -  - {"module_name":"Encriptador","module":"desencriptarArchivo","content":"C:/SourcingPlan/Recursos/sourcingplank.key","fileEnc":"C:/SourcingPlan/config.ini","file":"C:/SourcingPlan","res":"inidecript","filename":"config"}
2024-09-28 10:22:47.449898 - rocketbot - INFO - request: P-SourcingPlan : line 3.1 - rpascripts : module  id: c204139c-03c9-52fa-a42f-8ba55961a0fb -  - {"module_name":"ControlIni","module":"leerIni","content":"C:/SourcingPlan/config.ini"}
2024-09-28 10:22:49.284543 - rocketbot - INFO - request: P-SourcingPlan : line 3.2 - rpascripts : module  id: 73ba0511-70e1-831a-2775-7056d7c5ec48 -  - {"module_name":"ControlIni","module":"obtenerDato","idseccion":"COMUN","iddato":"ruta_log","idvar":"ruta_log"}
2024-09-28 10:22:50.451277 - rocketbot - INFO - request: P-SourcingPlan : line 3.3 - rpascripts : module  id: 48ef4e78-92cf-b54f-cf41-b4487f82fcbd -  - {"module_name":"ControlIni","module":"obtenerDato","idseccion":"COMUN","iddato":"api_key","idvar":"api_key"}
2024-09-28 10:22:54.253337 - rocketbot - INFO - request: P-SourcingPlan : line 3.4 - rpascripts : module  id: 19a0b83c-ad85-f4dc-9ff3-e19fd40f21ba -  - {"module_name":"ControlIni","module":"obtenerDato","idseccion":"COMUN","iddato":"cid","idvar":"cid"}
2024-09-28 10:22:56.949599 - rocketbot - INFO - request: P-SourcingPlan : line 3.5 - rpascripts : module  id: 35f16dbd-4938-a373-0b80-bce7bfb387f2 -  - {"module_name":"ControlIni","module":"obtenerDato","idseccion":"COMUN","iddato":"csecret","idvar":"csecret"}
2024-09-28 10:22:58.087666 - rocketbot - INFO - request: P-SourcingPlan : line 3.6 - rpascripts : module  id: c52220f4-98e4-15c7-d9c8-52bef4eb40d7 -  - {"module_name":"ControlIni","module":"obtenerDato","idseccion":"COMUN","iddato":"tenant","idvar":"tenant"}
2024-09-28 10:23:01.056039 - rocketbot - INFO - request: P-SourcingPlan : line 3.7 - rpascripts : module  id: 757a4d58-b23d-6fb2-b5c9-42fef483c201 -  - {"module_name":"ControlIni","module":"obtenerDato","idseccion":"COMUN","iddato":"destinatarios","idvar":"destinatarios"}
2024-09-28 10:23:26.698111 - rocketbot - INFO - request: P-SourcingPlan : line 3.8 - rpascripts : module  id: 34e4b918-d345-bd79-1be5-ae9c34ce2072 -  - {"module_name":"Encriptador","module":"encriptarArchivo","content":"C:/SourcingPlan/Recursos/sourcingplank.key","file":"C:/SourcingPlan/config.ini","res":"inicript"}
2024-09-28 10:23:38.325492 - rocketbot - INFO - request: P-SourcingPlan : line 3.9.1 - rpascripts : module  id: c8d51089-3e2f-476a-c9ae-d0b647661b72 -  - {"module_name":"O365","module":"connect","client_id":"{cid}","client_secret":"{csecret}","tenant":"{tenant}","res":"con_email"}
2024-09-28 10:48:06.388701 - rocketbot - INFO - request: N-InicioAriba : line 3.7.4 - rpascripts : module  id: a5bf6d9b-613e-0724-3853-93b12bea75d9 -  - {"module_name":"O365","module":"connect","client_id":"8e83936b-fa9a-4d12-b647-545352e7c5d1","client_secret":"Mxe8Q~nM7ibkxv_DBnqdUcB~3cadar0ppKObAbbV","tenant":"ffee4bc0-69d7-4b59-a12d-b61c4848796f"}
2024-09-28 10:48:12.734973 - rocketbot - INFO - request: N-InicioAriba : line 3.7.5 - rpascripts : module  id: 39fce313-a532-c5e1-7570-d0c468beb9be -  - {"module_name":"O365","module":"getUnreadEmails","res":"correos"}
2024-09-28 10:55:24.311286 - rocketbot - INFO - request: N-InicioAriba : line 3.7.4 - rpascripts : module  id: a5bf6d9b-613e-0724-3853-93b12bea75d9 -  - {"module_name":"O365","module":"connect","client_id":"8e83936b-fa9a-4d12-b647-545352e7c5d1","client_secret":"Mxe8Q~nM7ibkxv_DBnqdUcB~3cadar0ppKObAbbV","tenant":"ffee4bc0-69d7-4b59-a12d-b61c4848796f"}
2024-09-28 10:55:26.428635 - rocketbot - INFO - request: N-InicioAriba : line 3.7.5 - rpascripts : module  id: 39fce313-a532-c5e1-7570-d0c468beb9be -  - {"module_name":"O365","module":"getUnreadEmails","filter":"subject eq 'Background Report RPA_SourcingPlan_Ariba has completed'","res":"correos"}
2024-09-28 11:00:02.303057 - rocketbot - INFO - request: N-InicioAriba : line 3.7.6 - rpalogic : for  id: 1d1289cb-e550-21ec-fc31-04b1364dbdde -  - {"iterable":"{correos}","count":0}
2024-09-28 11:00:02.309058 - rocketbot - INFO - For count: 1
2024-09-28 11:00:02.570044 - rocketbot - INFO - request: N-InicioAriba : line 3.7.6.1 - rpadesktop : alert  id: cddab934-c830-8118-4f38-3f245f67ee91 -  - {id_correo}
2024-09-28 11:00:05.128950 - rocketbot - INFO - request: N-InicioAriba : line 3.7.6 - rpalogic : for  id: 1d1289cb-e550-21ec-fc31-04b1364dbdde -  - {"iterable":"{correos}","count":1}
2024-09-28 11:00:05.136947 - rocketbot - INFO - For count: 2
2024-09-28 11:00:05.453051 - rocketbot - INFO - request: N-InicioAriba : line 3.7.6.1 - rpadesktop : alert  id: cddab934-c830-8118-4f38-3f245f67ee91 -  - {id_correo}
2024-09-28 11:00:07.327410 - rocketbot - INFO - request: N-InicioAriba : line 3.7.6 - rpalogic : for  id: 1d1289cb-e550-21ec-fc31-04b1364dbdde -  - {"iterable":"{correos}","count":2}
2024-09-28 11:00:07.335413 - rocketbot - INFO - For count: 2
2024-09-28 11:04:41.583952 - rocketbot - INFO - request: N-InicioAriba : line 3.7.6 - rpalogic : for  id: 1d1289cb-e550-21ec-fc31-04b1364dbdde -  - {"iterable":"{correos}","count":0}
2024-09-28 11:04:41.589949 - rocketbot - INFO - For count: 1
2024-09-28 11:04:41.849165 - rocketbot - INFO - request: N-InicioAriba : line 3.7.6.1 - rpadesktop : alert  id: cddab934-c830-8118-4f38-3f245f67ee91 -  - {id_correo}
2024-09-28 11:04:43.435152 - rocketbot - INFO - request: N-InicioAriba : line 3.7.6.2 - rpascripts : module  id: c9c51b70-330c-0025-7935-695a34e680a2 -  - {"module_name":"O365","module":"downAtt","id_":"{id_correo}","att_folder":"{descarga_ariba}","markasread":true}
2024-09-28 11:04:44.820084 - rocketbot - INFO - request: N-InicioAriba : line 3.7.6 - rpalogic : for  id: 1d1289cb-e550-21ec-fc31-04b1364dbdde -  - {"iterable":"{correos}","count":1}
2024-09-28 11:04:44.825087 - rocketbot - INFO - For count: 2
2024-09-28 11:04:45.086669 - rocketbot - INFO - request: N-InicioAriba : line 3.7.6.1 - rpadesktop : alert  id: cddab934-c830-8118-4f38-3f245f67ee91 -  - {id_correo}
2024-09-28 11:04:46.086581 - rocketbot - INFO - request: N-InicioAriba : line 3.7.6.2 - rpascripts : module  id: c9c51b70-330c-0025-7935-695a34e680a2 -  - {"module_name":"O365","module":"downAtt","id_":"{id_correo}","att_folder":"{descarga_ariba}","markasread":true}
2024-09-28 11:04:47.208618 - rocketbot - INFO - request: N-InicioAriba : line 3.7.6 - rpalogic : for  id: 1d1289cb-e550-21ec-fc31-04b1364dbdde -  - {"iterable":"{correos}","count":2}
2024-09-28 11:04:47.213620 - rocketbot - INFO - For count: 2
2024-09-28 11:20:31.103901 - rocketbot - INFO - request: N-InicioAriba : line 3.7.7 - rpascripts : module  id: e58c7287-efd1-c4d0-cd14-a102b94a2532 -  - {"module_name":"downloaded_file","module":"getPathFile","path":"{descarga_ariba}","extension":".zip","result":"ultimo_archivo"}
2024-09-28 11:23:02.243102 - rocketbot - INFO - request: N-InicioAriba : line 3.7.8 - rpascripts : module  id: d6d0a3be-0cb4-9dd4-a167-e87d2ef3185a -  - {"module_name":"Files","module":"listFiles","path":"{descarga_ariba}","option":"name","result":"ultimo_archivo"}
2024-09-28 12:01:57.118848 - rocketbot - INFO - request: N-InicioAriba : line 3.7.5 - rpascripts : module  id: 39fce313-a532-c5e1-7570-d0c468beb9be -  - {"module_name":"O365","module":"getUnreadEmails","filter":"subject eq 'Background Report RPA_SourcingPlan_Ariba has completed'","res":"correos"}
2024-09-28 12:02:54.920742 - rocketbot - INFO - request: N-InicioAriba : line 3.7.6 - rpalogic : for  id: 1d1289cb-e550-21ec-fc31-04b1364dbdde -  - {"iterable":"{correos}","count":0}
2024-09-28 12:02:54.926743 - rocketbot - INFO - For count: 1
2024-09-28 12:02:55.167745 - rocketbot - INFO - request: N-InicioAriba : line 3.7.6.1 - rpadesktop : alert  id: cddab934-c830-8118-4f38-3f245f67ee91 -  - {id_correo}
2024-09-28 12:02:57.559316 - rocketbot - INFO - request: N-InicioAriba : line 3.7.6.2 - rpascripts : module  id: c9c51b70-330c-0025-7935-695a34e680a2 -  - {"module_name":"O365","module":"downAtt","id_":"{id_correo}","att_folder":"{descarga_ariba}","markasread":true}
2024-09-28 12:02:58.693177 - rocketbot - INFO - request: N-InicioAriba : line 3.7.6 - rpalogic : for  id: 1d1289cb-e550-21ec-fc31-04b1364dbdde -  - {"iterable":"{correos}","count":1}
2024-09-28 12:02:58.697199 - rocketbot - INFO - For count: 2
2024-09-28 12:02:58.958958 - rocketbot - INFO - request: N-InicioAriba : line 3.7.6.1 - rpadesktop : alert  id: cddab934-c830-8118-4f38-3f245f67ee91 -  - {id_correo}
2024-09-28 12:02:59.949702 - rocketbot - INFO - request: N-InicioAriba : line 3.7.6.2 - rpascripts : module  id: c9c51b70-330c-0025-7935-695a34e680a2 -  - {"module_name":"O365","module":"downAtt","id_":"{id_correo}","att_folder":"{descarga_ariba}","markasread":true}
2024-09-28 12:03:01.066411 - rocketbot - INFO - request: N-InicioAriba : line 3.7.6 - rpalogic : for  id: 1d1289cb-e550-21ec-fc31-04b1364dbdde -  - {"iterable":"{correos}","count":2}
2024-09-28 12:03:01.071411 - rocketbot - INFO - For count: 3
2024-09-28 12:03:01.333355 - rocketbot - INFO - request: N-InicioAriba : line 3.7.6.1 - rpadesktop : alert  id: cddab934-c830-8118-4f38-3f245f67ee91 -  - {id_correo}
2024-09-28 12:03:02.166154 - rocketbot - INFO - request: N-InicioAriba : line 3.7.6.2 - rpascripts : module  id: c9c51b70-330c-0025-7935-695a34e680a2 -  - {"module_name":"O365","module":"downAtt","id_":"{id_correo}","att_folder":"{descarga_ariba}","markasread":true}
2024-09-28 12:03:03.295596 - rocketbot - INFO - request: N-InicioAriba : line 3.7.6 - rpalogic : for  id: 1d1289cb-e550-21ec-fc31-04b1364dbdde -  - {"iterable":"{correos}","count":3}
2024-09-28 12:03:03.300595 - rocketbot - INFO - For count: 4
2024-09-28 12:03:03.535471 - rocketbot - INFO - request: N-InicioAriba : line 3.7.6.1 - rpadesktop : alert  id: cddab934-c830-8118-4f38-3f245f67ee91 -  - {id_correo}
2024-09-28 12:03:04.393813 - rocketbot - INFO - request: N-InicioAriba : line 3.7.6.2 - rpascripts : module  id: c9c51b70-330c-0025-7935-695a34e680a2 -  - {"module_name":"O365","module":"downAtt","id_":"{id_correo}","att_folder":"{descarga_ariba}","markasread":true}
2024-09-28 12:03:05.901286 - rocketbot - INFO - request: N-InicioAriba : line 3.7.6 - rpalogic : for  id: 1d1289cb-e550-21ec-fc31-04b1364dbdde -  - {"iterable":"{correos}","count":4}
2024-09-28 12:03:05.907398 - rocketbot - INFO - For count: 4
2024-09-28 12:04:10.778676 - rocketbot - INFO - request: N-InicioAriba : line 3.7.7 - rpascripts : module  id: e58c7287-efd1-c4d0-cd14-a102b94a2532 -  - {"module_name":"downloaded_file","module":"getPathFile","path":"{descarga_ariba}","extension":".zip","result":"ultimo_archivo"}
2024-09-28 12:07:26.783551 - rocketbot - INFO - request: N-InicioAriba : line 3.7.8 - rpascripts : module  id: d6d0a3be-0cb4-9dd4-a167-e87d2ef3185a -  - {"module_name":"Files","module":"listFiles","path":"{descarga_ariba}","option":"name","result":"ultimo_archivo"}
2024-09-28 12:13:46.246717 - rocketbot - INFO - request: N-InicioAriba : line 3.7.7 - rpascripts : module  id: d6d0a3be-0cb4-9dd4-a167-e87d2ef3185a -  - {"module_name":"Files","module":"listFiles","path":"{descarga_ariba}","option":"date","result":"ultimo_archivo"}
2024-09-28 12:17:29.640541 - rocketbot - INFO - request: N-InicioAriba : line 3.7.7 - rpascripts : module  id: d6d0a3be-0cb4-9dd4-a167-e87d2ef3185a -  - {"module_name":"Files","module":"listFiles","path":"{descarga_ariba}","option":"name","result":"ultimo_archivo"}
2024-09-28 12:19:24.288935 - rocketbot - INFO - request: N-InicioAriba : line 3.7.8 - rpadatatransform : deleteArray  id: 8c99bd87-6a05-17d3-9e3b-772cfd903a36 -  - {"array_":"{ultimo_archivo}","option_":"value_","value_":"Procesados","var_":"ultimo_archivo"}
2024-09-28 12:22:24.732243 - rocketbot - INFO - request: N-InicioAriba : line 3.7.7 - rpascripts : module  id: d6d0a3be-0cb4-9dd4-a167-e87d2ef3185a -  - {"module_name":"Files","module":"listFiles","path":"{descarga_ariba}","option":"name","result":"lista_adjuntos"}
2024-09-28 12:23:42.088722 - rocketbot - INFO - request: N-InicioAriba : line 3.7.8 - rpadatatransform : deleteArray  id: 8c99bd87-6a05-17d3-9e3b-772cfd903a36 -  - {"array_":"{ultimo_archivo}","option_":"value_","value_":"Procesados,Historico","var_":"lista_adjuntos"}
2024-09-28 12:23:42.095540 - datatransform - ERROR - EXCEPTION IN (<string> datatransform, L_87 ""): NameError: name 'ultimo_archivo' is not defined
2024-09-28 12:24:00.473437 - rocketbot - INFO - request: N-InicioAriba : line 3.7.8 - rpadatatransform : deleteArray  id: 8c99bd87-6a05-17d3-9e3b-772cfd903a36 -  - {"array_":"{lista_adjuntos}","option_":"value_","value_":"Procesados,Historico","var_":"lista_adjuntos"}
2024-09-28 12:24:00.479431 - datatransform - ERROR - EXCEPTION IN (<string> datatransform, L_104 ""): ValueError: Historico not found in array: ['20240924_09_01_50PM_Export.xls.zip', '20240925_09_00_02PM_Export.xls.zip', '20240926_09_00_50PM_Export.xls.zip', '20240927_09_01_45PM_Export.xls.zip']
2024-09-28 12:24:13.447082 - rocketbot - INFO - request: N-InicioAriba : line 3.7.7 - rpascripts : module  id: d6d0a3be-0cb4-9dd4-a167-e87d2ef3185a -  - {"module_name":"Files","module":"listFiles","path":"{descarga_ariba}","option":"name","result":"lista_adjuntos"}
2024-09-28 12:24:15.870435 - rocketbot - INFO - request: N-InicioAriba : line 3.7.8 - rpadatatransform : deleteArray  id: 8c99bd87-6a05-17d3-9e3b-772cfd903a36 -  - {"array_":"{lista_adjuntos}","option_":"value_","value_":"Procesados,Historico","var_":"lista_adjuntos"}
2024-09-28 12:27:46.736604 - rocketbot - INFO - request: N-InicioAriba : line 3.7.9 - rpadatatransform : length  id: 5177b2bd-68c2-f60e-9c1a-c1c83cdfa42b -  - {"array_":"{lista_adjuntos}","var_":"num_adjuntos"}
2024-09-28 12:33:40.269311 - rocketbot - INFO - request: N-InicioAriba : line 3.7.10 - rpadatatransform : getElement  id: 848d6135-47c8-e12d-e7da-f0babbd15aa1 -  - {"array_":"{lista_adjuntos}","position_":"{num_adjuntos}","var_":"ultimo_zip"}
2024-09-28 12:33:40.276406 - datatransform - ERROR - EXCEPTION IN (<string> datatransform, L_188 ""): IndexError: list index out of range
2024-09-28 12:33:55.803102 - rocketbot - INFO - request: N-InicioAriba : line 3.7.9 - rpadatatransform : length  id: 5177b2bd-68c2-f60e-9c1a-c1c83cdfa42b -  - {"array_":"{lista_adjuntos}","var_":"num_adjuntos"}
2024-09-28 12:34:04.111251 - rocketbot - INFO - request: N-InicioAriba : line 3.7.10 - rpadatatransform : getElement  id: 848d6135-47c8-e12d-e7da-f0babbd15aa1 -  - {"array_":"{lista_adjuntos}","position_":"{num_adjuntos}","var_":"ultimo_zip"}
2024-09-28 12:34:04.117245 - datatransform - ERROR - EXCEPTION IN (<string> datatransform, L_188 ""): IndexError: list index out of range
2024-09-28 12:35:45.529047 - rocketbot - INFO - request: N-InicioAriba : line 3.7.10 - rpadatatransform : getElement  id: 848d6135-47c8-e12d-e7da-f0babbd15aa1 -  - {"array_":"{lista_adjuntos}","position_":"{num_adjuntos}","var_":"ultimo_zip"}
2024-09-28 12:35:45.540050 - datatransform - ERROR - EXCEPTION IN (<string> datatransform, L_188 ""): IndexError: list index out of range
2024-09-28 12:35:48.220519 - rocketbot - INFO - request: N-InicioAriba : line 3.7.11 - rpasystem : setVar  id: d5f6fbe4-b5e4-ba71-9853-2f20943d7d6b -  - {num_adjuntos}[{num_adjuntos}]
2024-09-28 12:35:48.226520 - system - ERROR - EXCEPTION IN (<string> system, L_248 ""): TypeError: 'int' object is not subscriptable
2024-09-28 12:36:53.870970 - rocketbot - INFO - request: N-InicioAriba : line 3.7.11 - rpasystem : setVar  id: d5f6fbe4-b5e4-ba71-9853-2f20943d7d6b -  - {lista_adjuntos}[{num_adjuntos}]
2024-09-28 12:36:53.877884 - system - ERROR - EXCEPTION IN (<string> system, L_248 ""): IndexError: list index out of range
2024-09-28 12:37:47.302913 - rocketbot - INFO - request: N-InicioAriba : line 3.7.10 - rpadatatransform : getElement  id: 848d6135-47c8-e12d-e7da-f0babbd15aa1 -  - {"array_":"{lista_adjuntos}","position_":"4","var_":"ultimo_zip"}
2024-09-28 12:37:47.309911 - datatransform - ERROR - EXCEPTION IN (<string> datatransform, L_188 ""): IndexError: list index out of range
2024-09-28 12:38:09.867276 - rocketbot - INFO - request: N-InicioAriba : line 3.7.11 - rpasystem : setVar  id: d5f6fbe4-b5e4-ba71-9853-2f20943d7d6b -  - {lista_adjuntos}[4]
2024-09-28 12:38:09.873253 - system - ERROR - EXCEPTION IN (<string> system, L_248 ""): IndexError: list index out of range
2024-09-28 12:42:24.621894 - rocketbot - INFO - request: N-InicioAriba : line 3.7.10 - rpasystem : setVar  id: d5f6fbe4-b5e4-ba71-9853-2f20943d7d6b -  - {num_adjuntos} -1
2024-09-28 12:42:45.275385 - rocketbot - INFO - request: N-InicioAriba : line 3.7.11 - rpadatatransform : getElement  id: 848d6135-47c8-e12d-e7da-f0babbd15aa1 -  - {"array_":"{lista_adjuntos}","position_":"{num_adjuntos}","var_":"ultimo_zip"}
2024-09-28 12:44:22.215598 - rocketbot - INFO - request: N-InicioAriba : line 3.7.10 - rpasystem : setVar  id: d5f6fbe4-b5e4-ba71-9853-2f20943d7d6b -  - {num_adjuntos} -1
2024-09-28 12:44:38.372002 - rocketbot - INFO - request: N-InicioAriba : line 3.7.9 - rpadatatransform : length  id: 5177b2bd-68c2-f60e-9c1a-c1c83cdfa42b -  - {"array_":"{lista_adjuntos}","var_":"num_adjuntos"}
2024-09-28 12:44:47.982280 - rocketbot - INFO - request: N-InicioAriba : line 3.7.10 - rpasystem : setVar  id: d5f6fbe4-b5e4-ba71-9853-2f20943d7d6b -  - {num_adjuntos} -1
2024-09-28 12:44:56.239398 - rocketbot - INFO - request: N-InicioAriba : line 3.7.11 - rpadatatransform : getElement  id: 848d6135-47c8-e12d-e7da-f0babbd15aa1 -  - {"array_":"{lista_adjuntos}","position_":"{posicion}","var_":"ultimo_zip"}
2024-09-28 12:47:47.424455 - rocketbot - INFO - request: N-InicioAriba : line 3.7.12 - rpafile : unzipfile  id: 4b1d60d2-de7d-8ad2-ce82-9b3c880ee597 -  - {"from":"{descarga_ariba}/{ultimo_zip}","to":"{descarga_ariba}"}
2024-09-28 12:49:46.625114 - rocketbot - INFO - request: Encriptador : line 1 - rpascripts : module  id: a928d982-704c-55fc-08f5-6120f11584e5 -  - {"module_name":"Encriptador","module":"desencriptarArchivo","content":"C:/SourcingPlan/Recursos/sourcingplank.key","fileEnc":"C:/SourcingPlan/config.ini","file":"C:/SourcingPlan","res":"inidecript","filename":"config"}
2024-09-28 12:51:13.371531 - rocketbot - INFO - request: Encriptador : line 2 - rpascripts : module  id: 9e1dd10d-3917-c904-b2fd-cb9d7d7d0e62 -  - {"module_name":"Encriptador","module":"encriptarArchivo","content":"C:/SourcingPlan/Recursos/sourcingplank.key","file":"C:/SourcingPlan/config.ini","res":"inicript"}
2024-09-28 12:52:00.371115 - rocketbot - INFO - request: N-InicioAriba : line 2 - rpascripts : module  id: 57fcc22c-a6ea-ee6a-c04b-182e13ed9f2d -  - {"module_name":"Encriptador","module":"desencriptarArchivo","content":"C:/SourcingPlan/Recursos/sourcingplank.key","fileEnc":"C:/SourcingPlan/config.ini","file":"C:/SourcingPlan","res":"inidecript_ariba","filename":"config"}
2024-09-28 12:52:08.200076 - rocketbot - INFO - request: N-InicioAriba : line 3.2 - rpascripts : module  id: c204139c-03c9-52fa-a42f-8ba55961a0fb -  - {"module_name":"ControlIni","module":"leerIni","content":"C:/SourcingPlan/config.ini"}
2024-09-28 12:52:12.602908 - rocketbot - INFO - request: N-InicioAriba : line 3.4 - rpascripts : module  id: 0228d7c7-ad6d-b3df-00f7-0813cb4a7ae9 -  - {"module_name":"ControlIni","module":"obtenerDato","idseccion":"ARIBA","iddato":"historico_ariba","idvar":"historico_ariba"}
2024-09-28 12:52:12.613908 - Rocketbot - ERROR - EXCEPTION IN (<string> Rocketbot, L_74 ""): KeyError: 'historico_ariba'
2024-09-28 12:52:12.620902 - script - ERROR - EXCEPTION IN (<string> script, L_133 ""): KeyError: 'historico_ariba'
2024-09-28 12:53:25.475533 - rocketbot - INFO - request: N-InicioAriba : line 3.4 - rpascripts : module  id: 0228d7c7-ad6d-b3df-00f7-0813cb4a7ae9 -  - {"module_name":"ControlIni","module":"obtenerDato","idseccion":"ARIBA","iddato":"historico_ariba","idvar":"historico_ariba"}
2024-09-28 12:53:25.488537 - Rocketbot - ERROR - EXCEPTION IN (<string> Rocketbot, L_74 ""): KeyError: 'historico_ariba'
2024-09-28 12:53:25.491730 - script - ERROR - EXCEPTION IN (<string> script, L_133 ""): KeyError: 'historico_ariba'
2024-09-28 12:53:33.900112 - rocketbot - INFO - request: N-InicioAriba : line 3.7 - rpascripts : module  id: 34e4b918-d345-bd79-1be5-ae9c34ce2072 -  - {"module_name":"Encriptador","module":"encriptarArchivo","content":"C:/SourcingPlan/Recursos/sourcingplank.key","file":"C:/SourcingPlan/config.ini","res":"inicript_ariba"}
2024-09-28 12:56:09.770957 - rocketbot - INFO - request: N-InicioAriba : line 3.8.12 - rpafile : unzipfile  id: 4b1d60d2-de7d-8ad2-ce82-9b3c880ee597 -  - {"from":"{descarga_ariba}/{ultimo_zip}","to":"{historico_ariba}"}
2024-09-28 12:56:09.778430 - Rocketbot - ERROR - EXCEPTION IN (<string> Rocketbot, L_249 ""): JSONDecodeError: Invalid \escape: line 1 column 113 (char 112)
2024-09-28 12:57:14.131602 - rocketbot - INFO - request: N-InicioAriba : line 3.8.12 - rpafile : unzipfile  id: 4b1d60d2-de7d-8ad2-ce82-9b3c880ee597 -  - {"from":"{descarga_ariba}/{ultimo_zip}","to":"{historico_ariba}"}
2024-09-28 12:57:14.139219 - Rocketbot - ERROR - EXCEPTION IN (<string> Rocketbot, L_249 ""): JSONDecodeError: Invalid \escape: line 1 column 113 (char 112)
2024-09-28 12:57:59.806448 - rocketbot - INFO - request: N-InicioAriba : line 3.8.12 - rpafile : unzipfile  id: 4b1d60d2-de7d-8ad2-ce82-9b3c880ee597 -  - {"from":"{descarga_ariba}/{ultimo_zip}","to":"{historico_ariba}"}
2024-09-28 12:59:34.830651 - rocketbot - INFO - request: N-InicioAriba : line 3.8.13 - rpascripts : module  id: 335210e1-60ec-af79-9139-d466024b0bbf -  - {"module_name":"Files","module":"deleteFile","path":"{descarga_ariba}","name":"*.zip"}
2024-09-28 13:08:54.445940 - rocketbot - INFO - request: N-InicioAriba : line 3.8.8 - rpadatatransform : length  id: 201a5657-62b0-f110-2d11-45b618d35704 -  - {"array_":"{correos}","var_":"num_correos"}
2024-09-28 13:57:25.267246 - rocketbot - INFO - request: N-DataAriba : line 2 - rpascripts : execscriptpython  id: 7fa72c52-3eb3-9a82-a2fb-2ba8cee7b0fc -  - ########################################################################\n#  Script para obtener el ultimo archivo descargado de Ariba           #\n########################################################################\n\nimport os\n\ncarpeta = GetVar('historico_ariba')\n\nlista_archivos = []\nfor archivo in os.listdir(carpeta):\n    ruta_absoluta = os.path.join(carpeta, archivo)\n    if os.path.isfile(ruta_absoluta):\n        lista_archivos.append(archivo)\n\nif not lista_archivos:\n    print("La carpeta no contiene archivos.")\nelse:\n    archivos_modificados = []\n    for archivo in lista_archivos:\n        ruta_absoluta = os.path.join(carpeta, archivo)\n        fecha_modificacion = os.path.getmtime(ruta_absoluta)\n        archivos_modificados.append((archivo, fecha_modificacion))\n\n    ultimo_archivo_modificado = max(archivos_modificados, key=lambda x: x[1])[0]\n    print("El último archivo modificado en la carpeta es:", ultimo_archivo_modificado)\n    SetVar('ult_descarga_ariba', ultimo_archivo_modificado) 
2024-09-28 14:15:46.376444 - rocketbot - INFO - request: N-DataAriba : line 4 - rpascripts : execscriptpython  id: 42820f69-0b97-ad95-33e1-62a60146922b -  - ############################################################################\n#  Script para abrir el archivo XLS obtenido, eliminar las 5 primerasfilas #\n#  y convertirlo en CSV para poderlo procesar                              #\n############################################################################\n\nimport pandas as pd\n\ncarpeta = GetVar('historico_ariba')\narchivo = GetVar('ult_descarga_ariba')\nruta = carpeta + '/' + archivo\nprint(ruta)\n\n
2024-09-28 14:21:55.950159 - rocketbot - INFO - request: N-DataAriba : line 4 - rpascripts : execscriptpython  id: 42820f69-0b97-ad95-33e1-62a60146922b -  - ############################################################################\n#  Script para abrir el archivo XLS obtenido, eliminar las 5 primerasfilas #\n#  y convertirlo en CSV para poderlo procesar                              #\n############################################################################\nimport os\nimport pandas as pd\n\ncarpeta = GetVar('historico_ariba')\narchivo = GetVar('ult_descarga_ariba')\nruta = carpeta + '/' + archivo\n\nprint(carpeta)\nprint(archivo)\nprint(ruta)\n\nsin_ext = os.path.splitext(archivo)[0]\n\nprint(sin_ext)\n
2024-09-28 14:27:18.139950 - rocketbot - INFO - request: N-DataAriba : line 2 - rpascripts : execscriptpython  id: 7fa72c52-3eb3-9a82-a2fb-2ba8cee7b0fc -  - ########################################################################\n#  Script para obtener el ultimo archivo descargado de Ariba           #\n########################################################################\n\nimport os\n\ncarpeta = GetVar('historico_ariba')\n\nlista_archivos = []\nfor archivo in os.listdir(carpeta):\n    ruta_absoluta = os.path.join(carpeta, archivo)\n    if os.path.isfile(ruta_absoluta):\n        lista_archivos.append(archivo)\n\nif not lista_archivos:\n    print("La carpeta no contiene archivos.")\nelse:\n    archivos_modificados = []\n    for archivo in lista_archivos:\n        ruta_absoluta = os.path.join(carpeta, archivo)\n        fecha_modificacion = os.path.getmtime(ruta_absoluta)\n        archivos_modificados.append((archivo, fecha_modificacion))\n\n    ultimo_archivo_modificado = max(archivos_modificados, key=lambda x: x[1])[0]\n    print("El último archivo modificado en la carpeta es:", ultimo_archivo_modificado)\n    SetVar('ult_descarga_ariba', ultimo_archivo_modificado) 
2024-09-28 14:28:16.136825 - rocketbot - INFO - request: N-DataAriba : line 4 - rpascripts : execscriptpython  id: 42820f69-0b97-ad95-33e1-62a60146922b -  - ############################################################################\n#  Script para abrir el archivo XLS obtenido, eliminar las 5 primerasfilas #\n#  y convertirlo en CSV para poderlo procesar                              #\n############################################################################\nimport os\nimport pandas as pd\n\ncarpeta = GetVar('historico_ariba')\narchivo = GetVar('ult_descarga_ariba')\nruta = carpeta + '/' + archivo\n\nprint(carpeta)\nprint(archivo)\nprint(ruta)\n\nsin_ext = os.path.splitext(archivo)[0]\n\nprint(sin_ext)\n\ndf = pd.read_excel(ruta, engine='openpyxl')\n\ndf = df.iloc[5:]\n\ndf = df.reset_index(drop=True)\n\nconvert = carpeta + '/' + sin_ext + '.csv'\n\ndf.to_csv(convert, index=False)
2024-09-28 14:28:16.147355 - script - ERROR - EXCEPTION IN (<string> script, L_90 ""): BadZipFile: File is not a zip file
2024-09-28 14:39:15.332281 - rocketbot - INFO - request: N-DataAriba : line 4 - rpascripts : execscriptpython  id: 42820f69-0b97-ad95-33e1-62a60146922b -  - ############################################################################\n#  Script para abrir el archivo XLS obtenido, eliminar las 5 primerasfilas #\n#  y convertirlo en CSV para poderlo procesar                              #\n############################################################################\nimport os\nimport pandas as pd\n\ncarpeta = GetVar('historico_ariba')\narchivo = GetVar('ult_descarga_ariba')\nruta = carpeta + '/' + archivo\n\nprint(carpeta)\nprint(archivo)\nprint(ruta)\n\nsin_ext = os.path.splitext(archivo)[0]\n\nprint(sin_ext)\n\ndf = pd.read_excel(ruta, engine='xlrd')\n\ndf = df.iloc[5:]\n\ndf = df.reset_index(drop=True)\n\nconvert = carpeta + '/' + sin_ext + '.csv'\n\ndf.to_csv(convert, index=False)
2024-09-28 14:39:15.344383 - script - ERROR - EXCEPTION IN (<string> script, L_90 ""): ImportError: Missing optional dependency 'xlrd'. Install xlrd >= 1.0.0 for Excel support Use pip or conda to install xlrd.
2024-09-28 14:39:50.650131 - rocketbot - INFO - request: N-DataAriba : line 4 - rpascripts : execscriptpython  id: 42820f69-0b97-ad95-33e1-62a60146922b -  - ############################################################################\n#  Script para abrir el archivo XLS obtenido, eliminar las 5 primerasfilas #\n#  y convertirlo en CSV para poderlo procesar                              #\n############################################################################\nimport os\nimport pandas as pd\n\ncarpeta = GetVar('historico_ariba')\narchivo = GetVar('ult_descarga_ariba')\nruta = carpeta + '/' + archivo\n\nprint(carpeta)\nprint(archivo)\nprint(ruta)\n\nsin_ext = os.path.splitext(archivo)[0]\n\nprint(sin_ext)\n\ndf = pd.read_excel(ruta, engine='xlrd')\n\ndf = df.iloc[5:]\n\ndf = df.reset_index(drop=True)\n\nconvert = carpeta + '/' + sin_ext + '.csv'\n\ndf.to_csv(convert, index=False)
2024-09-28 14:39:50.661130 - script - ERROR - EXCEPTION IN (<string> script, L_90 ""): ImportError: Missing optional dependency 'xlrd'. Install xlrd >= 1.0.0 for Excel support Use pip or conda to install xlrd.
2024-09-28 14:40:44.368463 - rocketbot - INFO - request: N-DataAriba : line 5 - rpascripts : module  id: b32d0f2b-fe6d-10ef-1563-7db93381a117 -  - {"module_name":"AdvancedExcel","module":"Open","path":"C:/SourcingPlan/Recursos/Ariba/Historico/20240927_09_01_45PM_Export.xls"}
2024-09-28 14:42:19.878234 - rocketbot - INFO - request: N-DataAriba : line 6 - rpascripts : module  id: ed7afb72-b019-d72b-7978-fa8d39a3a6b7 -  - {"module_name":"AdvancedExcel","module":"addRow","option_":"delete_","row_":"1:5"}
2024-09-28 14:42:19.930232 - Rocketbot - ERROR - EXCEPTION IN (<string> Rocketbot, L_1057 ""): Exception: The name None does not exist in the book
2024-09-28 14:42:19.937234 - script - ERROR - EXCEPTION IN (<string> script, L_133 ""): Exception: The name None does not exist in the book
2024-09-28 14:44:25.999906 - rocketbot - INFO - request: N-DataAriba : line 6 - rpascripts : module  id: ed7afb72-b019-d72b-7978-fa8d39a3a6b7 -  - {"module_name":"AdvancedExcel","module":"addRow","option_":"delete_","sheet":"20240927_09_01_45PM_Export","row_":"1:5"}
2024-09-28 14:44:26.059760 - Rocketbot - ERROR - EXCEPTION IN (<string> Rocketbot, L_1144 ""): com_error: (-2147352567, 'Exception occurred.', (0, 'Microsoft Excel', 'Delete method of Range class failed', 'xlmain11.chm', 0, -2146827284), None)
2024-09-28 14:44:26.066761 - script - ERROR - EXCEPTION IN (<string> script, L_133 ""): com_error: (-2147352567, 'Exception occurred.', (0, 'Microsoft Excel', 'Delete method of Range class failed', 'xlmain11.chm', 0, -2146827284), None)
2024-09-28 14:46:11.270932 - rocketbot - INFO - request: N-DataAriba : line 6 - rpascripts : module  id: ed7afb72-b019-d72b-7978-fa8d39a3a6b7 -  - {"module_name":"AdvancedExcel","module":"addRow","option_":"delete_","sheet":"20240927_09_01_45PM_Export","row_":"2:5"}
2024-09-28 14:46:11.320884 - Rocketbot - ERROR - EXCEPTION IN (<string> Rocketbot, L_1144 ""): com_error: (-2147352567, 'Exception occurred.', (0, 'Microsoft Excel', 'Delete method of Range class failed', 'xlmain11.chm', 0, -2146827284), None)
2024-09-28 14:46:11.327861 - script - ERROR - EXCEPTION IN (<string> script, L_133 ""): com_error: (-2147352567, 'Exception occurred.', (0, 'Microsoft Excel', 'Delete method of Range class failed', 'xlmain11.chm', 0, -2146827284), None)
2024-09-28 14:47:57.236927 - rocketbot - INFO - request: N-DataAriba : line 7 - rpascripts : module  id: ab444d74-e043-5b7e-3fde-ceb5b3e796ce -  - {"module_name":"AdvancedExcel","module":"save_mac","path_file":"C:/SourcingPlan/Recursos/Ariba/Historico/20240927_09_01_45PM_Export.xlsx"}
