2024-09-30 16:54:04.531435 - rocketbot - INFO - request: N-InicioAriba : line 1 - rpascripts : module  id: 8dfbcfd9-495e-7c66-5d18-49f451346c0d -  - {"module_name":"System++","module":"cleanVars","vars":"descarga_ariba,procesado_ariba,api_ariba,correos"}
2024-09-30 16:58:09.749935 - rocketbot - INFO - request: N-InicioAriba : line 1 - rpascripts : module  id: 8dfbcfd9-495e-7c66-5d18-49f451346c0d -  - {"module_name":"System++","module":"cleanVars","vars":"descarga_ariba,procesado_ariba,api_ariba,correos,id_correo,lista_adjuntos,num_adjuntos,posicion,ultimo_zip,historico_ariba,num_correos"}
2024-09-30 17:00:05.470387 - rocketbot - INFO - request: N-InicioAriba : line 1 - rpascripts : module  id: 8dfbcfd9-495e-7c66-5d18-49f451346c0d -  - {"module_name":"System++","module":"cleanVars","vars":"descarga_ariba,procesado_ariba,api_ariba,correos,id_correo,lista_adjuntos,num_adjuntos,posicion,ultimo_zip,historico_ariba,num_correos"}
2024-09-30 17:00:05.962388 - rocketbot - INFO - request: N-InicioAriba : line 2 - rpascripts : module  id: 57fcc22c-a6ea-ee6a-c04b-182e13ed9f2d -  - {"module_name":"Encriptador","module":"desencriptarArchivo","content":"C:/SourcingPlan/Recursos/sourcingplank.key","fileEnc":"C:/SourcingPlan/config.ini","file":"C:/SourcingPlan","res":"inidecript_ariba","filename":"config"}
2024-09-30 17:00:06.208391 - rocketbot - INFO - request: N-InicioAriba : line 3 - rpalogic : evaluateIf  id: 44fc765c-5af8-3e46-9865-aec95decd501 -  - {inidecript_ariba} == True
2024-09-30 17:00:06.311391 - rocketbot - INFO - request: N-InicioAriba : line 3.1 - rpasystem : setVar  id: 3e6a0900-86ad-5d22-f8e2-63ad23dd24dc -  - rocketbot.log("Desencriptación del archivo de configuración correcta", "info")
2024-09-30 17:00:06.316391 - rocketbot - INFO - Desencriptación del archivo de configuración correcta
2024-09-30 17:00:06.534396 - rocketbot - INFO - request: N-InicioAriba : line 3.2 - rpascripts : module  id: c204139c-03c9-52fa-a42f-8ba55961a0fb -  - {"module_name":"ControlIni","module":"leerIni","content":"C:/SourcingPlan/config.ini"}
2024-09-30 17:00:06.708396 - rocketbot - INFO - request: N-InicioAriba : line 3.3 - rpascripts : module  id: 73ba0511-70e1-831a-2775-7056d7c5ec48 -  - {"module_name":"ControlIni","module":"obtenerDato","idseccion":"ARIBA","iddato":"descarga_ariba","idvar":"descarga_ariba"}
2024-09-30 17:00:06.893400 - rocketbot - INFO - request: N-InicioAriba : line 3.4 - rpascripts : module  id: 0228d7c7-ad6d-b3df-00f7-0813cb4a7ae9 -  - {"module_name":"ControlIni","module":"obtenerDato","idseccion":"ARIBA","iddato":"historico_ariba","idvar":"historico_ariba"}
2024-09-30 17:00:07.049399 - rocketbot - INFO - request: N-InicioAriba : line 3.5 - rpascripts : module  id: 99380293-d001-4550-2561-7be91a531c50 -  - {"module_name":"ControlIni","module":"obtenerDato","idseccion":"ARIBA","iddato":"procesado_ariba","idvar":"procesado_ariba"}
2024-09-30 17:00:07.223815 - rocketbot - INFO - request: N-InicioAriba : line 3.6 - rpascripts : module  id: 4eba2237-c79e-ec87-97c4-47301857766b -  - {"module_name":"ControlIni","module":"obtenerDato","idseccion":"ARIBA","iddato":"api_ariba","idvar":"api_ariba"}
2024-09-30 17:00:07.382819 - rocketbot - INFO - request: N-InicioAriba : line 3.7 - rpascripts : module  id: 34e4b918-d345-bd79-1be5-ae9c34ce2072 -  - {"module_name":"Encriptador","module":"encriptarArchivo","content":"C:/SourcingPlan/Recursos/sourcingplank.key","file":"C:/SourcingPlan/config.ini","res":"inicript_ariba"}
2024-09-30 18:10:51.756279 - rocketbot - INFO - request: N-InicioEllipse : line 1 - rpascripts : module  id: 8dfbcfd9-495e-7c66-5d18-49f451346c0d -  - {"module_name":"System++","module":"cleanVars","vars":"inidecript_ellipse,url_ellipse,user_ellipse,descarga_ellipse,historico_ellipse,procesado_ellipse,api_ellipse,inicript_ellipse,sesion_ini"}
2024-09-30 18:42:41.435496 - rocketbot - INFO - request: N-InicioEllipse : line 2 - rpascripts : module  id: 57fcc22c-a6ea-ee6a-c04b-182e13ed9f2d -  - {"module_name":"Encriptador","module":"desencriptarArchivo","content":"C:/SourcingPlan/Recursos/sourcingplank.key","fileEnc":"C:/SourcingPlan/config.ini","file":"C:/SourcingPlan","res":"inidecript_ellipse","filename":"config"}
2024-09-30 18:42:43.935063 - rocketbot - INFO - request: N-InicioEllipse : line 3 - rpalogic : evaluateIf  id: 44fc765c-5af8-3e46-9865-aec95decd501 -  - {inidecript_ellipse} == True
2024-09-30 18:42:44.197057 - rocketbot - INFO - request: N-InicioEllipse : line 3.1 - rpasystem : setVar  id: 3e6a0900-86ad-5d22-f8e2-63ad23dd24dc -  - rocketbot.log("Desencriptación del archivo de configuración correcta", "info")
2024-09-30 18:42:44.215054 - rocketbot - INFO - Desencriptación del archivo de configuración correcta
2024-09-30 18:42:44.261057 - rocketbot - INFO - request: N-InicioEllipse : line 3.2 - rpascripts : module  id: c204139c-03c9-52fa-a42f-8ba55961a0fb -  - {"module_name":"ControlIni","module":"leerIni","content":"C:/SourcingPlan/config.ini"}
2024-09-30 18:42:44.528059 - rocketbot - INFO - request: N-InicioEllipse : line 3.3 - rpascripts : module  id: 59f60bc7-0ba0-37ae-b951-a99543b61334 -  - {"module_name":"ControlIni","module":"obtenerDato","idseccion":"ELLIPSE","iddato":"url_ellipse","idvar":"url_ellipse"}
2024-09-30 18:42:44.702061 - rocketbot - INFO - request: N-InicioEllipse : line 3.4 - rpascripts : module  id: e5e6c163-ccb4-d653-5c3f-d8d050360989 -  - {"module_name":"ControlIni","module":"obtenerDato","idseccion":"ELLIPSE","iddato":"user_ellipse","idvar":"user_ellipse"}
2024-09-30 18:42:44.860063 - rocketbot - INFO - request: N-InicioEllipse : line 3.5 - rpascripts : module  id: 8fb09fbc-08a6-d6e4-081f-382b3c3c9103 -  - {"module_name":"ControlIni","module":"obtenerDato","idseccion":"ELLIPSE","iddato":"pass_elliipse","idvar":"pass_elliipse"}
2024-09-30 18:42:44.872063 - Rocketbot - ERROR - EXCEPTION IN (<string> Rocketbot, L_74 ""): KeyError: 'pass_elliipse'
2024-09-30 18:42:44.875062 - script - ERROR - EXCEPTION IN (<string> script, L_133 ""): KeyError: 'pass_elliipse'
2024-09-30 18:42:45.034065 - rocketbot - INFO - request: N-InicioEllipse : line 3.6 - rpascripts : module  id: 73ba0511-70e1-831a-2775-7056d7c5ec48 -  - {"module_name":"ControlIni","module":"obtenerDato","idseccion":"ELLIPSE","iddato":"descarga_ellipse","idvar":"descarga_ellipse"}
2024-09-30 18:42:45.194106 - rocketbot - INFO - request: N-InicioEllipse : line 3.7 - rpascripts : module  id: dcd344ac-5db0-1384-1c35-a4af8ce0bf1d -  - {"module_name":"ControlIni","module":"obtenerDato","idseccion":"ELLIPSE","iddato":"historico_ellipse","idvar":"historico_ellipse"}
2024-09-30 18:42:45.362110 - rocketbot - INFO - request: N-InicioEllipse : line 3.8 - rpascripts : module  id: fbc0d596-b7db-2814-1f6f-4b34e1c25b4c -  - {"module_name":"ControlIni","module":"obtenerDato","idseccion":"ELLIPSE","iddato":"procesado_ellipse","idvar":"procesado_ellipse"}
2024-09-30 18:42:45.554110 - rocketbot - INFO - request: N-InicioEllipse : line 3.9 - rpascripts : module  id: 969a5f7c-eb29-92ca-122c-882f27740051 -  - {"module_name":"ControlIni","module":"obtenerDato","idseccion":"ELLIPSE","iddato":"api_ellipse","idvar":"api_ellipse"}
2024-09-30 18:42:45.695113 - rocketbot - INFO - request: N-InicioEllipse : line 3.10 - rpascripts : module  id: 34e4b918-d345-bd79-1be5-ae9c34ce2072 -  - {"module_name":"Encriptador","module":"encriptarArchivo","content":"C:/SourcingPlan/Recursos/sourcingplank.key","file":"C:/SourcingPlan/config.ini","res":"inicript_ellipse"}
2024-09-30 18:42:45.909114 - rocketbot - INFO - request: N-InicioEllipse : line 3.11 - rpalogic : evaluateIf  id: 7609d855-2c53-0c34-4821-d0b608458357 -  - {inicript_ellipse} == True
2024-09-30 18:42:46.095121 - rocketbot - INFO - request: N-InicioEllipse : line 3.11.1 - rpasystem : setVar  id: efa0a8f0-ce56-7267-dce2-86111d9cda1d -  - rocketbot.log("Encriptación del archivo de configuración correcta", "info")
2024-09-30 18:42:46.102239 - rocketbot - INFO - Encriptación del archivo de configuración correcta
2024-09-30 18:42:46.254116 - rocketbot - INFO - request: N-InicioEllipse : line 3.11.2 - rpasystem : setVar  id: 9fca0ae3-67c5-5452-65d7-3077b3d94db5 -  - datetime.now().strftime("%Y-%m-%d %H:%M:%S")
2024-09-30 18:42:46.427117 - rocketbot - INFO - request: N-InicioEllipse : line 3.11.3 - rpafile : savedatafile  id: bfdfc534-78d2-a512-7cf1-a3473d3995bf -  - {"file_name":"{ruta_log}/{fecha_crea_log}.log","type":"add","new_line":true,"file_data":"{fecha_log} | Inicio del proceso para la obtencion de datos de la plataforma Ellipse"}
2024-09-30 18:42:46.432119 - Rocketbot - ERROR - EXCEPTION IN (<string> Rocketbot, L_74 ""): FileNotFoundError: [Errno 2] No such file or directory: '{ruta_log}/{fecha_crea_log}.log'
2024-09-30 18:42:46.630119 - rocketbot - INFO - request: N-InicioEllipse : line 3.11.4 - rpascripts : module  id: 20042ce3-c08b-4fd1-ed5d-888a7765f6d8 -  - {"module_name":"webpro","module":"open_browser","url_":"{url_ellipse}","download_path":"{descarga_ellipse}"}
2024-09-30 18:42:52.820384 - rocketbot - INFO - request: N-InicioEllipse : line 3.11.5 - rpaweb : waitforobject  id: b1b136d5-e2e9-2a04-4594-25ab9d616be7 - xpath - {"object":"//*[@id=\"loginHeader\"]/div","wait_for":"present","wait_time":"10","before":"1","after":"1"}
2024-09-30 18:42:55.175408 - rocketbot - INFO - request: N-InicioEllipse : line 3.11.6 - rpalogic : evaluateIf  id: e20d36f7-e002-876f-810e-972760d59f3e -  - {sesion_ini} == True
2024-09-30 18:42:55.430406 - rocketbot - INFO - request: N-InicioEllipse : line 3.11.6.1 - rpaweb : clickWeb  id: bb57b073-0c4e-2ed9-114f-1653edaf093d - xpath - //*[@id="otherTileText"]
2024-09-30 18:42:55.454407 - rpaweb - ERROR - EXCEPTION IN (<string> rpaweb, L_1058 ""): NoSuchElementException: Message: no such element: Unable to locate element: {"method":"xpath","selector":"//*[@id="otherTileText"]"}\n  (Session info: chrome=129.0.6668.60)\nStacktrace:\n	GetHandleVerifier [0x00F7D933+25811]\n	(No symbol) [0x00F0E314]\n	(No symbol) [0x00E02523]\n	(No symbol) [0x00E47483]\n	(No symbol) [0x00E4765B]\n	(No symbol) [0x00E86BA2]\n	(No symbol) [0x00E6AD74]\n	(No symbol) [0x00E846F0]\n	(No symbol) [0x00E6AAC6]\n	(No symbol) [0x00E3BEFD]\n	(No symbol) [0x00E3C8FD]\n	GetHandleVerifier [0x0124F143+2981091]\n	GetHandleVerifier [0x012A2FF9+3324825]\n	GetHandleVerifier [0x0100B32F+605903]\n	GetHandleVerifier [0x01012CBC+637020]\n	(No symbol) [0x00F16F4D]\n	(No symbol) [0x00F13DD8]\n	(No symbol) [0x00F13F75]\n	(No symbol) [0x00F06406]\n	BaseThreadInitThunk [0x75A5FCC9+25]\n	RtlGetAppContainerNamedObjectPath [0x77B080CE+286]\n	RtlGetAppContainerNamedObjectPath [0x77B0809E+238]\n
2024-09-30 18:42:55.533410 - rocketbot - INFO - request: N-InicioEllipse : line 3.11.7 - rpaweb : waitforobject  id: 214814ba-796d-67eb-8e41-e56c481598b6 - xpath - {"object":"//*[@id=\"i0116\"]","wait_for":"present","wait_time":"40","before":"1","after":"1"}
2024-09-30 18:42:57.896871 - rocketbot - INFO - request: N-InicioEllipse : line 3.11.8 - rpaweb : clickWeb  id: 0a757e02-85f5-14fb-72cc-d67b73b32fe5 - xpath - //*[@id="i0116"]
2024-09-30 18:42:58.163101 - rocketbot - INFO - request: N-InicioEllipse : line 3.11.9 - rpaweb : sendKeyWeb  id: 640dba71-aa33-9fcb-474a-9d76bb59614f -  - {user_ellipse}
2024-09-30 18:42:58.320103 - rocketbot - INFO - request: N-InicioEllipse : line 3.11.10 - rpaweb : waitforobject  id: fbe068fb-9cc6-9207-9d7d-8043c6499470 - xpath - {"object":"//*[@id=\"idSIButton9\"]","wait_for":"present","wait_time":"40","before":"1","after":"1"}
2024-09-30 18:43:00.366130 - rocketbot - INFO - request: N-InicioEllipse : line 3.11.11 - rpaweb : clickWeb  id: b20e3cf8-c618-003d-c8d2-443425de361b - xpath - //*[@id="idSIButton9"]
2024-09-30 18:43:00.890135 - rocketbot - INFO - request: N-InicioEllipse : line 3.11.12 - rpaweb : waitforobject  id: a240429e-e5af-20a5-1ec9-03fe86620b40 - xpath - {"object":"//*[@id=\"i0118\"]","wait_for":"present","wait_time":"20","before":"1","after":"1"}
2024-09-30 18:43:02.950930 - rocketbot - INFO - request: N-InicioEllipse : line 3.11.13 - rpaweb : clickWeb  id: 01ec1cd7-427c-e7bf-12e2-ad04dd73a00b - xpath - //*[@id="i0118"]
2024-09-30 18:43:03.476932 - rocketbot - INFO - request: N-InicioEllipse : line 3.11.14 - rpaweb : sendKeyWeb  id: e46583a8-ce66-4d8c-44ec-92dbdb641c54 -  - {contrasena}
2024-09-30 18:43:03.727937 - rocketbot - INFO - request: N-InicioEllipse : line 3.11.15 - rpaweb : waitforobject  id: 20e6118a-d4f4-f3d4-58d4-4a2c9c93d402 - xpath - {"object":"//*[@id=\"idSIButton9\"]","wait_for":"present","wait_time":"40","before":"1","after":"1"}
2024-09-30 18:43:40.770257 - rocketbot - INFO - request: N-InicioEllipse : line 3.10.4 - rpascripts : module  id: 20042ce3-c08b-4fd1-ed5d-888a7765f6d8 -  - {"module_name":"webpro","module":"open_browser","url_":"{url_ellipse}","download_path":"{descarga_ellipse}"}
2024-09-30 18:44:26.093785 - rocketbot - INFO - request: N-InicioEllipse : line 3.10.5 - rpaweb : waitforobject  id: b1b136d5-e2e9-2a04-4594-25ab9d616be7 - xpath - {"object":"//*[@id=\"loginHeader\"]/div","wait_for":"present","wait_time":"10","before":"1","after":"1"}
2024-09-30 19:25:05.006270 - rocketbot - INFO - request: P-SourcingPlan : line 3.9.19 - rpascripts : module  id: abc4ab2b-d2f1-2b61-f4b0-ba797f29c152 -  - {"module_name":"downloaded_file","module":"getPathFile","path":"{ruta_log}","extension":".txt","result":"{ultimo_log}"}
2024-09-30 19:28:20.023400 - rocketbot - INFO - request: P-SourcingPlan : line 3.9.19 - rpascripts : module  id: abc4ab2b-d2f1-2b61-f4b0-ba797f29c152 -  - {"module_name":"downloaded_file","module":"getPathFile","path":"{ruta_log}","extension":".txt","result":"ultimo_log"}
2024-09-30 19:28:51.886690 - rocketbot - INFO - request: P-SourcingPlan : line 3.9.19 - rpascripts : module  id: abc4ab2b-d2f1-2b61-f4b0-ba797f29c152 -  - {"module_name":"downloaded_file","module":"getPathFile","path":"{ruta_log}","extension":".log","result":"ultimo_log"}
